<?xml version="1.0" encoding="UTF-8"?>
<testng-results ignored="0" total="1" passed="1" failed="0" skipped="0">
  <reporter-output>
  </reporter-output>
  <suite started-at="2021-10-02T16:34:47 IST" name="Command line suite" finished-at="2021-10-02T16:35:01 IST" duration-ms="13998">
    <groups>
    </groups>
    <test started-at="2021-10-02T16:34:47 IST" name="Command line test" finished-at="2021-10-02T16:35:01 IST" duration-ms="13998">
      <class name="MAvenStart.MAven.GoogleAssertTest">
        <test-method is-config="true" signature="launch()[pri:0, instance:MAvenStart.MAven.GoogleAssertTest@7403c468]" started-at="2021-10-02T16:34:47 IST" name="launch" finished-at="2021-10-02T16:34:57 IST" duration-ms="9655" status="PASS">
          <reporter-output>
          </reporter-output>
        </test-method> <!-- launch -->
        <test-method signature="f()[pri:0, instance:MAvenStart.MAven.GoogleAssertTest@7403c468]" started-at="2021-10-02T16:34:57 IST" name="f" finished-at="2021-10-02T16:34:57 IST" duration-ms="125" status="PASS">
          <reporter-output>
          </reporter-output>
        </test-method> <!-- f -->
        <test-method is-config="true" signature="close()[pri:0, instance:MAvenStart.MAven.GoogleAssertTest@7403c468]" started-at="2021-10-02T16:34:57 IST" name="close" finished-at="2021-10-02T16:35:01 IST" duration-ms="4125" status="PASS">
          <reporter-output>
          </reporter-output>
        </test-method> <!-- close -->
      </class> <!-- MAvenStart.MAven.GoogleAssertTest -->
    </test> <!-- Command line test -->
  </suite> <!-- Command line suite -->
</testng-results>
