<?xml version="1.0" encoding="UTF-8"?>
<testng-results ignored="0" total="1" passed="1" failed="0" skipped="0">
  <reporter-output>
  </reporter-output>
  <suite started-at="2021-10-02T17:06:14 IST" name="Suite" finished-at="2021-10-02T17:06:22 IST" duration-ms="8221">
    <groups>
    </groups>
    <test started-at="2021-10-02T17:06:14 IST" name="Test" finished-at="2021-10-02T17:06:22 IST" duration-ms="8221">
      <class name="MAvenStart.MAven.GoogleAssertTest">
        <test-method is-config="true" signature="launch()[pri:0, instance:MAvenStart.MAven.GoogleAssertTest@6a2f6f80]" started-at="2021-10-02T17:06:14 IST" name="launch" finished-at="2021-10-02T17:06:18 IST" duration-ms="3831" status="PASS">
          <reporter-output>
          </reporter-output>
        </test-method> <!-- launch -->
        <test-method signature="f()[pri:0, instance:MAvenStart.MAven.GoogleAssertTest@6a2f6f80]" started-at="2021-10-02T17:06:18 IST" name="f" finished-at="2021-10-02T17:06:18 IST" duration-ms="173" status="PASS">
          <reporter-output>
          </reporter-output>
        </test-method> <!-- f -->
        <test-method is-config="true" signature="close()[pri:0, instance:MAvenStart.MAven.GoogleAssertTest@6a2f6f80]" started-at="2021-10-02T17:06:18 IST" name="close" finished-at="2021-10-02T17:06:22 IST" duration-ms="4128" status="PASS">
          <reporter-output>
          </reporter-output>
        </test-method> <!-- close -->
      </class> <!-- MAvenStart.MAven.GoogleAssertTest -->
    </test> <!-- Test -->
  </suite> <!-- Suite -->
</testng-results>
