<?xml version="1.0" encoding="UTF-8"?>
<testng-results ignored="0" total="1" passed="1" failed="0" skipped="0">
  <reporter-output>
  </reporter-output>
  <suite started-at="2021-10-02T16:01:53 IST" name="Default suite" finished-at="2021-10-02T16:01:58 IST" duration-ms="4496">
    <groups>
    </groups>
    <test started-at="2021-10-02T16:01:53 IST" name="Default test" finished-at="2021-10-02T16:01:58 IST" duration-ms="4496">
      <class name="MAvenStart.MAven.GoogleAssertTest">
        <test-method is-config="true" signature="launch()[pri:0, instance:MAvenStart.MAven.GoogleAssertTest@424e1977]" started-at="2021-10-02T16:01:53 IST" name="launch" finished-at="2021-10-02T16:01:57 IST" duration-ms="4026" status="PASS">
          <reporter-output>
          </reporter-output>
        </test-method> <!-- launch -->
        <test-method signature="f()[pri:0, instance:MAvenStart.MAven.GoogleAssertTest@424e1977]" started-at="2021-10-02T16:01:57 IST" name="f" finished-at="2021-10-02T16:01:57 IST" duration-ms="168" status="PASS">
          <reporter-output>
          </reporter-output>
        </test-method> <!-- f -->
        <test-method is-config="true" signature="close()[pri:0, instance:MAvenStart.MAven.GoogleAssertTest@424e1977]" started-at="2021-10-02T16:01:57 IST" name="close" finished-at="2021-10-02T16:01:58 IST" duration-ms="224" status="PASS">
          <reporter-output>
          </reporter-output>
        </test-method> <!-- close -->
      </class> <!-- MAvenStart.MAven.GoogleAssertTest -->
    </test> <!-- Default test -->
  </suite> <!-- Default suite -->
</testng-results>
